[mainraceId] [ERROR 2020-06-29 17:14:50.094] [main]  [runtime.] [Error executing FreeMarker template]
freemarker.core.InvalidReferenceException: The following has evaluated to null or missing:
==> age  [in template "myTemplate" at line 1, column 29]

----
Tip: If the failing expression is known to legally refer to something that's sometimes null or missing, either specify a default value like myOptionalVar!myDefault, or use <#if myOptionalVar??>when-present<#else>when-missing</#if>. (These only cover the last step of the expression; to cover the whole expression, use parenthesis: (myOptionalVar.foo)!myDefault, (myOptionalVar.foo)??
----

----
FTL stack trace ("~" means nesting-related):
	- Failed at: ${age}  [in template "myTemplate" at line 1, column 27]
----
	at freemarker.core.InvalidReferenceException.getInstance(InvalidReferenceException.java:134) ~[freemarker-2.3.30.jar:2.3.30]
	at freemarker.core.EvalUtil.coerceModelToTextualCommon(EvalUtil.java:481) ~[freemarker-2.3.30.jar:2.3.30]
	at freemarker.core.EvalUtil.coerceModelToStringOrMarkup(EvalUtil.java:401) ~[freemarker-2.3.30.jar:2.3.30]
	at freemarker.core.EvalUtil.coerceModelToStringOrMarkup(EvalUtil.java:370) ~[freemarker-2.3.30.jar:2.3.30]
	at freemarker.core.DollarVariable.calculateInterpolatedStringOrMarkup(DollarVariable.java:100) ~[freemarker-2.3.30.jar:2.3.30]
	at freemarker.core.DollarVariable.accept(DollarVariable.java:63) ~[freemarker-2.3.30.jar:2.3.30]
	at freemarker.core.Environment.visit(Environment.java:334) ~[freemarker-2.3.30.jar:2.3.30]
	at freemarker.core.Environment.visit(Environment.java:340) ~[freemarker-2.3.30.jar:2.3.30]
	at freemarker.core.Environment.process(Environment.java:313) ~[freemarker-2.3.30.jar:2.3.30]
	at freemarker.template.Template.process(Template.java:383) ~[freemarker-2.3.30.jar:2.3.30]
	at com.ql.freemaker.FreemarkerStringTemplateTest.main(FreemarkerStringTemplateTest.java:32) ~[classes/:?]
